0 info it worked if it ends with ok
1 verbose cli [ 'C:\\Program Files (x86)\\Microsoft Visual Studio 2017 RC\\Web\\External\\Node.exe',
1 verbose cli   'C:\\Program Files (x86)\\Microsoft Visual Studio 2017 RC\\Web\\External\\node_modules\\npm\\bin\\npm-cli.js',
1 verbose cli   'install' ]
2 info using npm@3.3.4
3 info using node@v5.4.1
4 silly loadCurrentTree Starting
5 silly install loadCurrentTree
6 silly install readLocalPackageData
7 silly rollbackFailedOptional Starting
8 silly rollbackFailedOptional Finishing
9 silly runTopLevelLifecycles Starting
10 silly runTopLevelLifecycles Finishing
11 silly install printInstalled
12 verbose stack Error: ENOENT: no such file or directory, lstat 'F:\angular\ngGitHouse\node_modules\through'
12 verbose stack     at Error (native)
13 verbose cwd F:\angular\ngGitHouse
14 error Windows_NT 6.3.9600
15 error argv "C:\\Program Files (x86)\\Microsoft Visual Studio 2017 RC\\Web\\External\\Node.exe" "C:\\Program Files (x86)\\Microsoft Visual Studio 2017 RC\\Web\\External\\node_modules\\npm\\bin\\npm-cli.js" "install"
16 error node v5.4.1
17 error npm  v3.3.4
18 error path F:\angular\ngGitHouse\node_modules\through
19 error code ENOENT
20 error errno -4058
21 error syscall lstat
22 error enoent ENOENT: no such file or directory, lstat 'F:\angular\ngGitHouse\node_modules\through'
22 error enoent This is most likely not a problem with npm itself
22 error enoent and is related to npm not being able to find a file.
23 verbose exit [ -4058, true ]
